<?xml version="1.0" encoding="UTF-8"?>
<!-- Generated by org.testng.reporters.JUnitXMLReporter -->
<testsuite ignored="0" hostname="IN-MH1LPW102678" failures="0" tests="6" name="Default test" time="49.021" errors="0" timestamp="2022-05-13T16:13:05 IST">
  <testcase classname="org.selenium.AddToCartTest" name="addToCartFeaturedProducts" time="2.815"/>
  <testcase classname="org.selenium.AddToCartTest" name="addToCartFeaturedProducts" time="2.367"/>
  <testcase classname="org.selenium.AddToCartTest" name="addToCartFeaturedProducts" time="2.676"/>
  <testcase classname="org.selenium.AddToCartTest" name="addToCartFeaturedProducts" time="2.272"/>
  <testcase classname="org.selenium.AddToCartTest" name="addToCartFeaturedProducts" time="2.445"/>
  <testcase classname="org.selenium.AddToCartTest" name="addToCartFromStorePage" time="5.086"/>
</testsuite> <!-- Default test -->
