<?xml version="1.0" encoding="UTF-8"?>
<testng-results ignored="0" total="6" passed="6" failed="0" skipped="0">
  <reporter-output>
  </reporter-output>
  <suite started-at="2022-05-13T16:12:16 IST" name="Default suite" finished-at="2022-05-13T16:13:05 IST" duration-ms="49021">
    <groups>
    </groups>
    <test started-at="2022-05-13T16:12:16 IST" name="Default test" finished-at="2022-05-13T16:13:05 IST" duration-ms="49021">
      <class name="org.selenium.AddToCartTest">
        <test-method is-config="true" signature="StartDriver()[pri:0, instance:org.selenium.AddToCartTest@46d9aec8]" started-at="2022-05-13T16:12:17 IST" name="StartDriver" finished-at="2022-05-13T16:12:22 IST" duration-ms="5500" status="PASS">
          <reporter-output>
          </reporter-output>
        </test-method> <!-- StartDriver -->
        <test-method signature="addToCartFeaturedProducts(objects.Product)[pri:0, instance:org.selenium.AddToCartTest@46d9aec8]" started-at="2022-05-13T16:12:22 IST" name="addToCartFeaturedProducts" data-provider="getfeaturedproducts" finished-at="2022-05-13T16:12:25 IST" duration-ms="2815" status="PASS">
          <params>
            <param index="0">
              <value>
                <![CDATA[objects.Product@270ab7bc]]>
              </value>
            </param>
          </params>
          <reporter-output>
          </reporter-output>
        </test-method> <!-- addToCartFeaturedProducts -->
        <test-method is-config="true" signature="quitDriver(org.testng.ITestResult)[pri:0, instance:org.selenium.AddToCartTest@46d9aec8]" started-at="2022-05-13T16:12:25 IST" name="quitDriver" finished-at="2022-05-13T16:12:28 IST" duration-ms="2673" status="PASS">
          <params>
            <param index="0">
              <value>
                <![CDATA[[TestResult name=addToCartFeaturedProducts status=SUCCESS method=AddToCartTest.addToCartFeaturedProducts(objects.Product)[pri:0, instance:org.selenium.AddToCartTest@46d9aec8] output={null}]]]>
              </value>
            </param>
          </params>
          <reporter-output>
          </reporter-output>
        </test-method> <!-- quitDriver -->
        <test-method is-config="true" signature="StartDriver()[pri:0, instance:org.selenium.AddToCartTest@46d9aec8]" started-at="2022-05-13T16:12:28 IST" name="StartDriver" finished-at="2022-05-13T16:12:30 IST" duration-ms="1856" status="PASS">
          <reporter-output>
          </reporter-output>
        </test-method> <!-- StartDriver -->
        <test-method signature="addToCartFeaturedProducts(objects.Product)[pri:0, instance:org.selenium.AddToCartTest@46d9aec8]" started-at="2022-05-13T16:12:30 IST" name="addToCartFeaturedProducts" data-provider="getfeaturedproducts" finished-at="2022-05-13T16:12:32 IST" duration-ms="2367" status="PASS">
          <params>
            <param index="0">
              <value>
                <![CDATA[objects.Product@11896af6]]>
              </value>
            </param>
          </params>
          <reporter-output>
          </reporter-output>
        </test-method> <!-- addToCartFeaturedProducts -->
        <test-method is-config="true" signature="quitDriver(org.testng.ITestResult)[pri:0, instance:org.selenium.AddToCartTest@46d9aec8]" started-at="2022-05-13T16:12:32 IST" name="quitDriver" finished-at="2022-05-13T16:12:35 IST" duration-ms="2655" status="PASS">
          <params>
            <param index="0">
              <value>
                <![CDATA[[TestResult name=addToCartFeaturedProducts status=SUCCESS method=AddToCartTest.addToCartFeaturedProducts(objects.Product)[pri:0, instance:org.selenium.AddToCartTest@46d9aec8] output={null}]]]>
              </value>
            </param>
          </params>
          <reporter-output>
          </reporter-output>
        </test-method> <!-- quitDriver -->
        <test-method is-config="true" signature="StartDriver()[pri:0, instance:org.selenium.AddToCartTest@46d9aec8]" started-at="2022-05-13T16:12:35 IST" name="StartDriver" finished-at="2022-05-13T16:12:36 IST" duration-ms="1827" status="PASS">
          <reporter-output>
          </reporter-output>
        </test-method> <!-- StartDriver -->
        <test-method signature="addToCartFeaturedProducts(objects.Product)[pri:0, instance:org.selenium.AddToCartTest@46d9aec8]" started-at="2022-05-13T16:12:36 IST" name="addToCartFeaturedProducts" data-provider="getfeaturedproducts" finished-at="2022-05-13T16:12:39 IST" duration-ms="2676" status="PASS">
          <params>
            <param index="0">
              <value>
                <![CDATA[objects.Product@231c521e]]>
              </value>
            </param>
          </params>
          <reporter-output>
          </reporter-output>
        </test-method> <!-- addToCartFeaturedProducts -->
        <test-method is-config="true" signature="quitDriver(org.testng.ITestResult)[pri:0, instance:org.selenium.AddToCartTest@46d9aec8]" started-at="2022-05-13T16:12:39 IST" name="quitDriver" finished-at="2022-05-13T16:12:42 IST" duration-ms="2648" status="PASS">
          <params>
            <param index="0">
              <value>
                <![CDATA[[TestResult name=addToCartFeaturedProducts status=SUCCESS method=AddToCartTest.addToCartFeaturedProducts(objects.Product)[pri:0, instance:org.selenium.AddToCartTest@46d9aec8] output={null}]]]>
              </value>
            </param>
          </params>
          <reporter-output>
          </reporter-output>
        </test-method> <!-- quitDriver -->
        <test-method is-config="true" signature="StartDriver()[pri:0, instance:org.selenium.AddToCartTest@46d9aec8]" started-at="2022-05-13T16:12:42 IST" name="StartDriver" finished-at="2022-05-13T16:12:44 IST" duration-ms="1815" status="PASS">
          <reporter-output>
          </reporter-output>
        </test-method> <!-- StartDriver -->
        <test-method signature="addToCartFeaturedProducts(objects.Product)[pri:0, instance:org.selenium.AddToCartTest@46d9aec8]" started-at="2022-05-13T16:12:44 IST" name="addToCartFeaturedProducts" data-provider="getfeaturedproducts" finished-at="2022-05-13T16:12:46 IST" duration-ms="2272" status="PASS">
          <params>
            <param index="0">
              <value>
                <![CDATA[objects.Product@4babe06f]]>
              </value>
            </param>
          </params>
          <reporter-output>
          </reporter-output>
        </test-method> <!-- addToCartFeaturedProducts -->
        <test-method is-config="true" signature="quitDriver(org.testng.ITestResult)[pri:0, instance:org.selenium.AddToCartTest@46d9aec8]" started-at="2022-05-13T16:12:46 IST" name="quitDriver" finished-at="2022-05-13T16:12:49 IST" duration-ms="2644" status="PASS">
          <params>
            <param index="0">
              <value>
                <![CDATA[[TestResult name=addToCartFeaturedProducts status=SUCCESS method=AddToCartTest.addToCartFeaturedProducts(objects.Product)[pri:0, instance:org.selenium.AddToCartTest@46d9aec8] output={null}]]]>
              </value>
            </param>
          </params>
          <reporter-output>
          </reporter-output>
        </test-method> <!-- quitDriver -->
        <test-method is-config="true" signature="StartDriver()[pri:0, instance:org.selenium.AddToCartTest@46d9aec8]" started-at="2022-05-13T16:12:49 IST" name="StartDriver" finished-at="2022-05-13T16:12:50 IST" duration-ms="1768" status="PASS">
          <reporter-output>
          </reporter-output>
        </test-method> <!-- StartDriver -->
        <test-method signature="addToCartFeaturedProducts(objects.Product)[pri:0, instance:org.selenium.AddToCartTest@46d9aec8]" started-at="2022-05-13T16:12:50 IST" name="addToCartFeaturedProducts" data-provider="getfeaturedproducts" finished-at="2022-05-13T16:12:53 IST" duration-ms="2445" status="PASS">
          <params>
            <param index="0">
              <value>
                <![CDATA[objects.Product@3d2b8e]]>
              </value>
            </param>
          </params>
          <reporter-output>
          </reporter-output>
        </test-method> <!-- addToCartFeaturedProducts -->
        <test-method is-config="true" signature="quitDriver(org.testng.ITestResult)[pri:0, instance:org.selenium.AddToCartTest@46d9aec8]" started-at="2022-05-13T16:12:53 IST" name="quitDriver" finished-at="2022-05-13T16:12:55 IST" duration-ms="2675" status="PASS">
          <params>
            <param index="0">
              <value>
                <![CDATA[[TestResult name=addToCartFeaturedProducts status=SUCCESS method=AddToCartTest.addToCartFeaturedProducts(objects.Product)[pri:0, instance:org.selenium.AddToCartTest@46d9aec8] output={null}]]]>
              </value>
            </param>
          </params>
          <reporter-output>
          </reporter-output>
        </test-method> <!-- quitDriver -->
        <test-method is-config="true" signature="StartDriver()[pri:0, instance:org.selenium.AddToCartTest@46d9aec8]" started-at="2022-05-13T16:12:55 IST" name="StartDriver" finished-at="2022-05-13T16:12:57 IST" duration-ms="1791" status="PASS">
          <reporter-output>
          </reporter-output>
        </test-method> <!-- StartDriver -->
        <test-method signature="addToCartFromStorePage()[pri:0, instance:org.selenium.AddToCartTest@46d9aec8]" started-at="2022-05-13T16:12:57 IST" name="addToCartFromStorePage" description="add products to the cart" finished-at="2022-05-13T16:13:02 IST" duration-ms="5086" status="PASS">
          <reporter-output>
          </reporter-output>
        </test-method> <!-- addToCartFromStorePage -->
        <test-method is-config="true" signature="quitDriver(org.testng.ITestResult)[pri:0, instance:org.selenium.AddToCartTest@46d9aec8]" started-at="2022-05-13T16:13:02 IST" name="quitDriver" finished-at="2022-05-13T16:13:05 IST" duration-ms="2658" status="PASS">
          <params>
            <param index="0">
              <value>
                <![CDATA[[TestResult name=addToCartFromStorePage status=SUCCESS method=AddToCartTest.addToCartFromStorePage()[pri:0, instance:org.selenium.AddToCartTest@46d9aec8] output={null}]]]>
              </value>
            </param>
          </params>
          <reporter-output>
          </reporter-output>
        </test-method> <!-- quitDriver -->
      </class> <!-- org.selenium.AddToCartTest -->
    </test> <!-- Default test -->
  </suite> <!-- Default suite -->
</testng-results>
